<?xml version="1.0" encoding="UTF-8"?>
<testsuite xmlns:xsi="http://www.w3.org/2001/XMLSchema-instance" xsi:noNamespaceSchemaLocation="https://maven.apache.org/surefire/maven-surefire-plugin/xsd/surefire-test-report-3.0.xsd" version="3.0" name="org.example.CalculatorTest" time="0.392" tests="5" errors="0" skipped="0" failures="0">
  <properties>
[...]
</properties>
  <testcase name="testAdd" classname="org.example.CalculatorTest" time="0.145"/>
  <testcase name="testNegativeTotalStillPossible" classname="org.example.CalculatorTest" time="0.024"/>
  <testcase name="testTotal" classname="org.example.CalculatorTest" time="0.014"/>
  <testcase name="testSequenceOperations" classname="org.example.CalculatorTest" time="0.024"/>
  <testcase name="testRemove" classname="org.example.CalculatorTest" time="0.019"/>
</testsuite>